<?xml version="1.0" encoding="UTF-8"?>
<!-- Generated by org.testng.reporters.JUnitXMLReporter -->
<testsuite hostname="DESKTOP-V9K624K" failures="0" tests="2" name="Discover Screen Photo Stream Test" time="61.713" errors="0" timestamp="28 Jul 2020 11:57:11 GMT">
  <testcase classname="keanu.Tests.DiscoverScreenPhotoStreamTest" name="userLogin" time="21.51"/>
  <testcase classname="keanu.Tests.DiscoverScreenPhotoStreamTest" name="checkPhotoStream" time="10.63"/>
</testsuite> <!-- Discover Screen Photo Stream Test -->
