<?xml version="1.0" encoding="UTF-8"?>
<!-- Generated by org.testng.reporters.JUnitXMLReporter -->
<testsuite hostname="DESKTOP-V9K624K" failures="0" tests="2" name="Discover Screen Share Sticker Test" time="60.128" errors="0" timestamp="28 Jul 2020 11:58:12 GMT">
  <testcase classname="keanu.Tests.DiscoverScreenShareStickersTest" name="userLogin" time="21.025"/>
  <testcase classname="keanu.Tests.DiscoverScreenShareStickersTest" name="checkStickers" time="9.499"/>
</testsuite> <!-- Discover Screen Share Sticker Test -->
