<?xml version="1.0" encoding="UTF-8"?>
<!-- Generated by org.testng.reporters.JUnitXMLReporter -->
<testsuite hostname="DESKTOP-V9K624K" failures="0" tests="2" name="Discover Screen Check Services Test" time="58.891" errors="0" timestamp="28 Jul 2020 11:59:10 GMT">
  <testcase classname="keanu.Tests.DiscoverScreenCheckServicesTest" name="userLogin" time="20.384"/>
  <testcase classname="keanu.Tests.DiscoverScreenCheckServicesTest" name="checkServices" time="9.368"/>
</testsuite> <!-- Discover Screen Check Services Test -->
