<?xml version="1.0" encoding="UTF-8"?>
<testng-results total="3" passed="1" failed="2" skipped="0">
  <reporter-output>
    <line>
      <![CDATA[Printing Configs]]>
    </line>
    <line>
      <![CDATA[appdir:null]]>
    </line>
    <line>
      <![CDATA[appname:null]]>
    </line>
    <line>
      <![CDATA[OSName:android]]>
    </line>
    <line>
      <![CDATA[deviceId1:null]]>
    </line>
    <line>
      <![CDATA[deviceId2:null]]>
    </line>
    <line>
      <![CDATA[appActivity:info.guardianproject.keanuapp.MainActivity]]>
    </line>
    <line>
      <![CDATA[appPackage:info.guardianproject.keanuapp]]>
    </line>
    <line>
      <![CDATA[isBrowserStackExecution:true]]>
    </line>
    <line>
      <![CDATA[osVersion1:10.0]]>
    </line>
    <line>
      <![CDATA[osVersion2:10.0]]>
    </line>
    <line>
      <![CDATA[deviceName1:Google Pixel 4XL]]>
    </line>
    <line>
      <![CDATA[deviceName2:Google Pixel 4]]>
    </line>
    <line>
      <![CDATA[keanuServer:neo.keanu.im]]>
    </line>
    <line>
      <![CDATA[user1:testuser08]]>
    </line>
    <line>
      <![CDATA[user1Pass:pass123456]]>
    </line>
    <line>
      <![CDATA[user2:testuser09]]>
    </line>
    <line>
      <![CDATA[user2Pass:pass123456]]>
    </line>
    <line>
      <![CDATA[user3:]]>
    </line>
    <line>
      <![CDATA[appUrl:bs://8b689282a6ab2bd9078bc3fd9cf2e0ddc2233e93]]>
    </line>
    <line>
      <![CDATA[Printing Configs]]>
    </line>
    <line>
      <![CDATA[appdir:null]]>
    </line>
    <line>
      <![CDATA[appname:null]]>
    </line>
    <line>
      <![CDATA[OSName:android]]>
    </line>
    <line>
      <![CDATA[deviceId1:null]]>
    </line>
    <line>
      <![CDATA[deviceId2:null]]>
    </line>
    <line>
      <![CDATA[appActivity:info.guardianproject.keanuapp.MainActivity]]>
    </line>
    <line>
      <![CDATA[appPackage:info.guardianproject.keanuapp]]>
    </line>
    <line>
      <![CDATA[isBrowserStackExecution:true]]>
    </line>
    <line>
      <![CDATA[osVersion1:10.0]]>
    </line>
    <line>
      <![CDATA[osVersion2:10.0]]>
    </line>
    <line>
      <![CDATA[deviceName1:Google Pixel 4XL]]>
    </line>
    <line>
      <![CDATA[deviceName2:Google Pixel 4]]>
    </line>
    <line>
      <![CDATA[keanuServer:neo.keanu.im]]>
    </line>
    <line>
      <![CDATA[user1:testuser08]]>
    </line>
    <line>
      <![CDATA[user1Pass:pass123456]]>
    </line>
    <line>
      <![CDATA[user2:testuser09]]>
    </line>
    <line>
      <![CDATA[user2Pass:pass123456]]>
    </line>
    <line>
      <![CDATA[user3:]]>
    </line>
    <line>
      <![CDATA[appUrl:bs://8b689282a6ab2bd9078bc3fd9cf2e0ddc2233e93]]>
    </line>
    <line>
      <![CDATA[<h1><Center><Font face="arial" color="Orange">Log Summary</font></Center><h1><table border="1" bgcolor="lightgray">]]>
    </line>
    <line>
      <![CDATA[Finding element with logic: xpath://android.widget.TextView[contains(@text,'Skip')]]]>
    </line>
    <line>
      <![CDATA[Finding element with logic: id:btnShowLogin]]>
    </line>
    <line>
      <![CDATA[Finding element with logic: xpath://android.widget.TextView[@text='You can use an existing account on any server you would like.']]]>
    </line>
    <line>
      <![CDATA[Finding element with logic: xpath://android.widget.EditText[contains(@resource-id,'edtName')]]]>
    </line>
    <line>
      <![CDATA[Finding element with logic: xpath://android.widget.EditText[contains(@resource-id,'edtName')]]]>
    </line>
    <line>
      <![CDATA[Finding element with logic: xpath://android.widget.EditText[contains(@resource-id,'edtPass')]]]>
    </line>
    <line>
      <![CDATA[Finding element with logic: xpath://android.widget.EditText[contains(@resource-id,'edtPass')]]]>
    </line>
    <line>
      <![CDATA[Finding element with logic: xpath://android.widget.EditText[contains(@resource-id,'edtServer')]]]>
    </line>
    <line>
      <![CDATA[Finding element with logic: xpath://android.widget.EditText[contains(@resource-id,'edtServer')]]]>
    </line>
    <line>
      <![CDATA[Finding element with logic: id:btnSignIn]]>
    </line>
    <line>
      <![CDATA[Finding element with logic: xpath://android.widget.TextView[contains(@text,'Skip')]]]>
    </line>
    <line>
      <![CDATA[Finding element with logic: id:btnShowLogin]]>
    </line>
    <line>
      <![CDATA[Finding element with logic: xpath://android.widget.TextView[@text='You can use an existing account on any server you would like.']]]>
    </line>
    <line>
      <![CDATA[Finding element with logic: xpath://android.widget.EditText[contains(@resource-id,'edtName')]]]>
    </line>
    <line>
      <![CDATA[Finding element with logic: xpath://android.widget.EditText[contains(@resource-id,'edtName')]]]>
    </line>
    <line>
      <![CDATA[Finding element with logic: xpath://android.widget.EditText[contains(@resource-id,'edtPass')]]]>
    </line>
    <line>
      <![CDATA[Finding element with logic: xpath://android.widget.EditText[contains(@resource-id,'edtPass')]]]>
    </line>
    <line>
      <![CDATA[Finding element with logic: xpath://android.widget.EditText[contains(@resource-id,'edtServer')]]]>
    </line>
    <line>
      <![CDATA[Finding element with logic: xpath://android.widget.EditText[contains(@resource-id,'edtServer')]]]>
    </line>
    <line>
      <![CDATA[Finding element with logic: id:btnSignIn]]>
    </line>
    <line>
      <![CDATA[Finding element with logic: id:fab]]>
    </line>
    <line>
      <![CDATA[Finding element with logic: id:info.guardianproject.keanuapp:id/btnAddFriend]]>
    </line>
    <line>
      <![CDATA[Finding element with logic: id:email]]>
    </line>
    <line>
      <![CDATA[Finding element with logic: id:email]]>
    </line>
    <line>
      <![CDATA[Finding element with logic: id:info.guardianproject.keanuapp:id/btnAddFriend]]>
    </line>
    <line>
      <![CDATA[Finding element with logic: id:info.guardianproject.keanuapp:id/menu_group_info]]>
    </line>
    <line>
      <![CDATA[Finding element with logic: id:info.guardianproject.keanuapp:id/edit_group_subject]]>
    </line>
    <line>
      <![CDATA[Finding element with logic: class:android.widget.EditText]]>
    </line>
    <line>
      <![CDATA[Finding element with logic: class:android.widget.EditText]]>
    </line>
    <line>
      <![CDATA[Finding element with logic: xpath://android.widget.Button[@text='OK']]]>
    </line>
    <line>
      <![CDATA[Finding element with logic: id:menu_search]]>
    </line>
    <line>
      <![CDATA[Finding element with logic: xpath://android.widget.TextView[@text='New Test Chat Room1 268280']]]>
    </line>
    <line>
      <![CDATA[Finding element with logic: xpath://android.widget.TextView[contains(@text,'You have been invited')]]]>
    </line>
    <line>
      <![CDATA[Finding element with logic: xpath://android.widget.TextView[@text='New Test Chat Room1 268280']]]>
    </line>
    <line>
      <![CDATA[screenshot createChatRoom_android_5114048.png available at :screenshots/createChatRoom_android_5114048.png]]>
    </line>
    <line>
      <![CDATA[Failed fetching URL and screenshot due to error:Appium error: An unknown server-side error occurred while processing the command. Original error: Could not proxy. Proxy error: Could not proxy command to remote server. Original error: 404 - "" (WARNING: The server did not provide any stacktrace information)
Command duration or timeout: 0 milliseconds
Build info: version: '3.141.59', revision: 'e82be7d358', time: '2018-11-14T08:17:03'
System info: host: 'DESKTOP-V9K624K', ip: '192.168.43.117', os.name: 'Windows 10', os.arch: 'amd64', os.version: '10.0', java.version: '14'
Driver info: io.appium.java_client.AppiumDriver
Capabilities {64bit: false, acceptSslCert: false, acceptSslCerts: false, appActivity: info.guardianproject.keanua..., appPackage: info.guardianproject.keanuapp, automationName: UiAutomator2, browserstack.minOSVersion: 5.0, bundleID: info.guardianproject.keanuapp, bundleId: info.guardianproject.keanuapp, chromeOptions: {w3c: false}, detected_language: selenium/3.141.59 (java win..., device: google pixel 4 xl, deviceName: Android, deviceOrientation: portrait, enablePerformanceLogging: false, javascriptEnabled: true, mobile: {browser: mobile, version: Google Pixel 4 XL-10.0}, nativeWebScreenshot: true, newCommandTimeout: 0, new_bucketing: true, orientation: PORTRAIT, orig_os: android, osVersion: 10.0, os_version: 10.0, platform: ANDROID, platformName: ANDROID, realMobile: true, real_mobile: true, systemPort: 8204, udid: 9A311FFBA008P1, uiautomator2ServerLaunchTimeout: 60000, version: }
Session ID: 4505de187ebd94a228d9646c2103e9c6eb80f2af]]>
    </line>
    <line>
      <![CDATA[Session id for AppHeaderArchiveUnarchiveTest is 4505de187ebd94a228d9646c2103e9c6eb80f2af]]>
    </line>
    <line>
      <![CDATA[Session details for AppHeaderArchiveUnarchiveTest can be found at https://www.browserstack.com/automate/sessions/4505de187ebd94a228d9646c2103e9c6eb80f2af.json]]>
    </line>
    <line>
      <![CDATA[Finding element with logic: id:info.guardianproject.keanuapp:id/menu_sort]]>
    </line>
    <line>
      <![CDATA[Finding element with logic: xpath://android.widget.TextView[@text='Active']]]>
    </line>
    <line>
      <![CDATA[Finding element with logic: id:info.guardianproject.keanuapp:id/menu_sort]]>
    </line>
    <line>
      <![CDATA[Finding element with logic: xpath://android.widget.TextView[@text='Active']]]>
    </line>
    <line>
      <![CDATA[Finding element with logic: xpath://android.widget.LinearLayout//android.widget.TextView[@text='New Test Chat Room1 268280']]]>
    </line>
    <line>
      <![CDATA[Finding element with logic: id:info.guardianproject.keanuapp:id/composeMessage]]>
    </line>
    <line>
      <![CDATA[Finding element with logic: id:info.guardianproject.keanuapp:id/composeMessage]]>
    </line>
    <line>
      <![CDATA[Finding element with logic: id:info.guardianproject.keanuapp:id/btnSend]]>
    </line>
    <line>
      <![CDATA[Finding element with logic: xpath://android.widget.TextView[@text='New Test Chat Room1 268280']]]>
    </line>
    <line>
      <![CDATA[Finding element with logic: id:statusText]]>
    </line>
    <line>
      <![CDATA[screenshot archiveChatRoom_android_6617172.png available at :screenshots/archiveChatRoom_android_6617172.png]]>
    </line>
    <line>
      <![CDATA[Failed fetching URL and screenshot due to error:Appium error: An unknown server-side error occurred while processing the command. Original error: Could not proxy. Proxy error: Could not proxy command to remote server. Original error: 404 - "" (WARNING: The server did not provide any stacktrace information)
Command duration or timeout: 0 milliseconds
Build info: version: '3.141.59', revision: 'e82be7d358', time: '2018-11-14T08:17:03'
System info: host: 'DESKTOP-V9K624K', ip: '192.168.43.117', os.name: 'Windows 10', os.arch: 'amd64', os.version: '10.0', java.version: '14'
Driver info: io.appium.java_client.AppiumDriver
Capabilities {64bit: false, acceptSslCert: false, acceptSslCerts: false, appActivity: info.guardianproject.keanua..., appPackage: info.guardianproject.keanuapp, automationName: UiAutomator2, browserstack.minOSVersion: 5.0, bundleID: info.guardianproject.keanuapp, bundleId: info.guardianproject.keanuapp, chromeOptions: {w3c: false}, detected_language: selenium/3.141.59 (java win..., device: google pixel 4 xl, deviceName: Android, deviceOrientation: portrait, enablePerformanceLogging: false, javascriptEnabled: true, mobile: {browser: mobile, version: Google Pixel 4 XL-10.0}, nativeWebScreenshot: true, newCommandTimeout: 0, new_bucketing: true, orientation: PORTRAIT, orig_os: android, osVersion: 10.0, os_version: 10.0, platform: ANDROID, platformName: ANDROID, realMobile: true, real_mobile: true, systemPort: 8204, udid: 9A311FFBA008P1, uiautomator2ServerLaunchTimeout: 60000, version: }
Session ID: 4505de187ebd94a228d9646c2103e9c6eb80f2af]]>
    </line>
    <line>
      <![CDATA[Session id for AppHeaderArchiveUnarchiveTest is 4505de187ebd94a228d9646c2103e9c6eb80f2af]]>
    </line>
    <line>
      <![CDATA[Session details for AppHeaderArchiveUnarchiveTest can be found at https://www.browserstack.com/automate/sessions/4505de187ebd94a228d9646c2103e9c6eb80f2af.json]]>
    </line>
    <line>
      <![CDATA[Closing the Browser Successfully]]>
    </line>
  </reporter-output>
  <suite started-at="2020-08-06T07:22:26Z" name="Default suite" finished-at="2020-08-06T07:25:47Z" duration-ms="201170">
    <groups>
    </groups>
    <test started-at="2020-08-06T07:22:26Z" name="Default test" finished-at="2020-08-06T07:25:47Z" duration-ms="201170">
      <class name="keanu.Tests.AppHeaderArchiveUnarchiveTest">
        <test-method is-config="true" signature="aaasetUp(org.testng.ITestContext)[pri:0, instance:keanu.Tests.AppHeaderArchiveUnarchiveTest@2aece37d]" started-at="2020-08-06T12:52:26Z" name="aaasetUp" finished-at="2020-08-06T12:52:26Z" duration-ms="50" status="PASS">
          <params>
            <param index="0">
              <value>
                <![CDATA[org.testng.TestRunner@63034ed1]]>
              </value>
            </param>
          </params>
          <reporter-output>
          </reporter-output>
        </test-method> <!-- aaasetUp -->
        <test-method is-config="true" signature="setUp()[pri:0, instance:keanu.Tests.AppHeaderArchiveUnarchiveTest@2aece37d]" started-at="2020-08-06T12:52:26Z" name="setUp" finished-at="2020-08-06T12:53:19Z" duration-ms="53038" status="PASS">
          <reporter-output>
            <line>
              <![CDATA[Printing Configs]]>
            </line>
            <line>
              <![CDATA[appdir:null]]>
            </line>
            <line>
              <![CDATA[appname:null]]>
            </line>
            <line>
              <![CDATA[OSName:android]]>
            </line>
            <line>
              <![CDATA[deviceId1:null]]>
            </line>
            <line>
              <![CDATA[deviceId2:null]]>
            </line>
            <line>
              <![CDATA[appActivity:info.guardianproject.keanuapp.MainActivity]]>
            </line>
            <line>
              <![CDATA[appPackage:info.guardianproject.keanuapp]]>
            </line>
            <line>
              <![CDATA[isBrowserStackExecution:true]]>
            </line>
            <line>
              <![CDATA[osVersion1:10.0]]>
            </line>
            <line>
              <![CDATA[osVersion2:10.0]]>
            </line>
            <line>
              <![CDATA[deviceName1:Google Pixel 4XL]]>
            </line>
            <line>
              <![CDATA[deviceName2:Google Pixel 4]]>
            </line>
            <line>
              <![CDATA[keanuServer:neo.keanu.im]]>
            </line>
            <line>
              <![CDATA[user1:testuser08]]>
            </line>
            <line>
              <![CDATA[user1Pass:pass123456]]>
            </line>
            <line>
              <![CDATA[user2:testuser09]]>
            </line>
            <line>
              <![CDATA[user2Pass:pass123456]]>
            </line>
            <line>
              <![CDATA[user3:]]>
            </line>
            <line>
              <![CDATA[appUrl:bs://8b689282a6ab2bd9078bc3fd9cf2e0ddc2233e93]]>
            </line>
            <line>
              <![CDATA[Printing Configs]]>
            </line>
            <line>
              <![CDATA[appdir:null]]>
            </line>
            <line>
              <![CDATA[appname:null]]>
            </line>
            <line>
              <![CDATA[OSName:android]]>
            </line>
            <line>
              <![CDATA[deviceId1:null]]>
            </line>
            <line>
              <![CDATA[deviceId2:null]]>
            </line>
            <line>
              <![CDATA[appActivity:info.guardianproject.keanuapp.MainActivity]]>
            </line>
            <line>
              <![CDATA[appPackage:info.guardianproject.keanuapp]]>
            </line>
            <line>
              <![CDATA[isBrowserStackExecution:true]]>
            </line>
            <line>
              <![CDATA[osVersion1:10.0]]>
            </line>
            <line>
              <![CDATA[osVersion2:10.0]]>
            </line>
            <line>
              <![CDATA[deviceName1:Google Pixel 4XL]]>
            </line>
            <line>
              <![CDATA[deviceName2:Google Pixel 4]]>
            </line>
            <line>
              <![CDATA[keanuServer:neo.keanu.im]]>
            </line>
            <line>
              <![CDATA[user1:testuser08]]>
            </line>
            <line>
              <![CDATA[user1Pass:pass123456]]>
            </line>
            <line>
              <![CDATA[user2:testuser09]]>
            </line>
            <line>
              <![CDATA[user2Pass:pass123456]]>
            </line>
            <line>
              <![CDATA[user3:]]>
            </line>
            <line>
              <![CDATA[appUrl:bs://8b689282a6ab2bd9078bc3fd9cf2e0ddc2233e93]]>
            </line>
            <line>
              <![CDATA[<h1><Center><Font face="arial" color="Orange">Log Summary</font></Center><h1><table border="1" bgcolor="lightgray">]]>
            </line>
          </reporter-output>
        </test-method> <!-- setUp -->
        <test-method signature="userLogin()[pri:0, instance:keanu.Tests.AppHeaderArchiveUnarchiveTest@2aece37d]" started-at="2020-08-06T12:53:19Z" name="userLogin" finished-at="2020-08-06T12:54:06Z" duration-ms="47051" status="PASS">
          <reporter-output>
            <line>
              <![CDATA[Finding element with logic: xpath://android.widget.TextView[contains(@text,'Skip')]]]>
            </line>
            <line>
              <![CDATA[Finding element with logic: id:btnShowLogin]]>
            </line>
            <line>
              <![CDATA[Finding element with logic: xpath://android.widget.TextView[@text='You can use an existing account on any server you would like.']]]>
            </line>
            <line>
              <![CDATA[Finding element with logic: xpath://android.widget.EditText[contains(@resource-id,'edtName')]]]>
            </line>
            <line>
              <![CDATA[Finding element with logic: xpath://android.widget.EditText[contains(@resource-id,'edtName')]]]>
            </line>
            <line>
              <![CDATA[Finding element with logic: xpath://android.widget.EditText[contains(@resource-id,'edtPass')]]]>
            </line>
            <line>
              <![CDATA[Finding element with logic: xpath://android.widget.EditText[contains(@resource-id,'edtPass')]]]>
            </line>
            <line>
              <![CDATA[Finding element with logic: xpath://android.widget.EditText[contains(@resource-id,'edtServer')]]]>
            </line>
            <line>
              <![CDATA[Finding element with logic: xpath://android.widget.EditText[contains(@resource-id,'edtServer')]]]>
            </line>
            <line>
              <![CDATA[Finding element with logic: id:btnSignIn]]>
            </line>
            <line>
              <![CDATA[Finding element with logic: xpath://android.widget.TextView[contains(@text,'Skip')]]]>
            </line>
            <line>
              <![CDATA[Finding element with logic: id:btnShowLogin]]>
            </line>
            <line>
              <![CDATA[Finding element with logic: xpath://android.widget.TextView[@text='You can use an existing account on any server you would like.']]]>
            </line>
            <line>
              <![CDATA[Finding element with logic: xpath://android.widget.EditText[contains(@resource-id,'edtName')]]]>
            </line>
            <line>
              <![CDATA[Finding element with logic: xpath://android.widget.EditText[contains(@resource-id,'edtName')]]]>
            </line>
            <line>
              <![CDATA[Finding element with logic: xpath://android.widget.EditText[contains(@resource-id,'edtPass')]]]>
            </line>
            <line>
              <![CDATA[Finding element with logic: xpath://android.widget.EditText[contains(@resource-id,'edtPass')]]]>
            </line>
            <line>
              <![CDATA[Finding element with logic: xpath://android.widget.EditText[contains(@resource-id,'edtServer')]]]>
            </line>
            <line>
              <![CDATA[Finding element with logic: xpath://android.widget.EditText[contains(@resource-id,'edtServer')]]]>
            </line>
            <line>
              <![CDATA[Finding element with logic: id:btnSignIn]]>
            </line>
          </reporter-output>
        </test-method> <!-- userLogin -->
        <test-method is-config="true" signature="checkAlerts(org.testng.ITestResult)[pri:0, instance:keanu.Tests.AppHeaderArchiveUnarchiveTest@2aece37d]" started-at="2020-08-06T12:54:06Z" name="checkAlerts" finished-at="2020-08-06T12:54:06Z" duration-ms="2" status="PASS">
          <params>
            <param index="0">
              <value>
                <![CDATA[[TestResult name=userLogin status=SUCCESS method=AppHeaderArchiveUnarchiveTest.userLogin()[pri:0, instance:keanu.Tests.AppHeaderArchiveUnarchiveTest@2aece37d] output=Finding element with logic: xpath://android.widget.TextView[contains(@text,'Skip')]]]]>
              </value>
            </param>
          </params>
          <reporter-output>
          </reporter-output>
        </test-method> <!-- checkAlerts -->
        <test-method is-config="true" signature="handelErrorPopup()[pri:0, instance:keanu.Tests.AppHeaderArchiveUnarchiveTest@2aece37d]" started-at="2020-08-06T12:54:06Z" name="handelErrorPopup" finished-at="2020-08-06T12:54:06Z" duration-ms="0" status="PASS">
          <reporter-output>
          </reporter-output>
        </test-method> <!-- handelErrorPopup -->
        <test-method signature="createChatRoom()[pri:0, instance:keanu.Tests.AppHeaderArchiveUnarchiveTest@2aece37d]" started-at="2020-08-06T12:54:06Z" name="createChatRoom" finished-at="2020-08-06T12:55:04Z" duration-ms="57930" status="FAIL">
          <exception class="org.openqa.selenium.NoSuchElementException">
            <message>
              <![CDATA[An element could not be located on the page using the given search parameters. (WARNING: The server did not provide any stacktrace information)
Command duration or timeout: 0 milliseconds
For documentation on this error, please visit: https://www.seleniumhq.org/exceptions/no_such_element.html
Build info: version: '3.141.59', revision: 'e82be7d358', time: '2018-11-14T08:17:03'
System info: host: 'DESKTOP-V9K624K', ip: '192.168.43.117', os.name: 'Windows 10', os.arch: 'amd64', os.version: '10.0', java.version: '14'
Driver info: io.appium.java_client.AppiumDriver
Capabilities {64bit: false, acceptSslCert: false, acceptSslCerts: false, appActivity: info.guardianproject.keanua..., appPackage: info.guardianproject.keanuapp, automationName: UiAutomator2, browserstack.minOSVersion: 5.0, bundleID: info.guardianproject.keanuapp, bundleId: info.guardianproject.keanuapp, chromeOptions: {w3c: false}, detected_language: selenium/3.141.59 (java win..., device: google pixel 4, deviceName: Android, deviceOrientation: portrait, enablePerformanceLogging: false, javascriptEnabled: true, mobile: {browser: mobile, version: Google Pixel 4-10.0}, nativeWebScreenshot: true, newCommandTimeout: 0, new_bucketing: true, orientation: PORTRAIT, orig_os: android, osVersion: 10.0, os_version: 10.0, platform: ANDROID, platformName: ANDROID, realMobile: true, real_mobile: true, systemPort: 8201, udid: 9B061FFAZ003CQ, uiautomator2ServerLaunchTimeout: 60000, version: }
Session ID: 231f399f7789dc3dd70afd6e4eec378ec0049fd1
*** Element info: {Using=xpath, value=//android.widget.TextView[@text='New Test Chat Room1 268280']}]]>
            </message>
            <full-stacktrace>
              <![CDATA[org.openqa.selenium.NoSuchElementException: An element could not be located on the page using the given search parameters. (WARNING: The server did not provide any stacktrace information)
Command duration or timeout: 0 milliseconds
For documentation on this error, please visit: https://www.seleniumhq.org/exceptions/no_such_element.html
Build info: version: '3.141.59', revision: 'e82be7d358', time: '2018-11-14T08:17:03'
System info: host: 'DESKTOP-V9K624K', ip: '192.168.43.117', os.name: 'Windows 10', os.arch: 'amd64', os.version: '10.0', java.version: '14'
Driver info: io.appium.java_client.AppiumDriver
Capabilities {64bit: false, acceptSslCert: false, acceptSslCerts: false, appActivity: info.guardianproject.keanua..., appPackage: info.guardianproject.keanuapp, automationName: UiAutomator2, browserstack.minOSVersion: 5.0, bundleID: info.guardianproject.keanuapp, bundleId: info.guardianproject.keanuapp, chromeOptions: {w3c: false}, detected_language: selenium/3.141.59 (java win..., device: google pixel 4, deviceName: Android, deviceOrientation: portrait, enablePerformanceLogging: false, javascriptEnabled: true, mobile: {browser: mobile, version: Google Pixel 4-10.0}, nativeWebScreenshot: true, newCommandTimeout: 0, new_bucketing: true, orientation: PORTRAIT, orig_os: android, osVersion: 10.0, os_version: 10.0, platform: ANDROID, platformName: ANDROID, realMobile: true, real_mobile: true, systemPort: 8201, udid: 9B061FFAZ003CQ, uiautomator2ServerLaunchTimeout: 60000, version: }
Session ID: 231f399f7789dc3dd70afd6e4eec378ec0049fd1
*** Element info: {Using=xpath, value=//android.widget.TextView[@text='New Test Chat Room1 268280']}
	at java.base/jdk.internal.reflect.NativeConstructorAccessorImpl.newInstance0(Native Method)
	at java.base/jdk.internal.reflect.NativeConstructorAccessorImpl.newInstance(NativeConstructorAccessorImpl.java:62)
	at java.base/jdk.internal.reflect.DelegatingConstructorAccessorImpl.newInstance(DelegatingConstructorAccessorImpl.java:45)
	at java.base/java.lang.reflect.Constructor.newInstanceWithCaller(Constructor.java:500)
	at java.base/java.lang.reflect.Constructor.newInstance(Constructor.java:481)
	at org.openqa.selenium.remote.ErrorHandler.createThrowable(ErrorHandler.java:214)
	at org.openqa.selenium.remote.ErrorHandler.throwIfResponseFailed(ErrorHandler.java:166)
	at org.openqa.selenium.remote.http.JsonHttpResponseCodec.reconstructValue(JsonHttpResponseCodec.java:40)
	at org.openqa.selenium.remote.http.AbstractHttpResponseCodec.decode(AbstractHttpResponseCodec.java:80)
	at org.openqa.selenium.remote.http.AbstractHttpResponseCodec.decode(AbstractHttpResponseCodec.java:44)
	at org.openqa.selenium.remote.HttpCommandExecutor.execute(HttpCommandExecutor.java:158)
	at io.appium.java_client.remote.AppiumCommandExecutor.execute(AppiumCommandExecutor.java:239)
	at org.openqa.selenium.remote.RemoteWebDriver.execute(RemoteWebDriver.java:552)
	at io.appium.java_client.DefaultGenericMobileDriver.execute(DefaultGenericMobileDriver.java:42)
	at io.appium.java_client.AppiumDriver.execute(AppiumDriver.java:1)
	at org.openqa.selenium.remote.RemoteWebDriver.findElement(RemoteWebDriver.java:323)
	at io.appium.java_client.DefaultGenericMobileDriver.findElement(DefaultGenericMobileDriver.java:62)
	at io.appium.java_client.AppiumDriver.findElement(AppiumDriver.java:1)
	at org.openqa.selenium.remote.RemoteWebDriver.findElementByXPath(RemoteWebDriver.java:428)
	at io.appium.java_client.DefaultGenericMobileDriver.findElementByXPath(DefaultGenericMobileDriver.java:152)
	at io.appium.java_client.AppiumDriver.findElementByXPath(AppiumDriver.java:1)
	at org.openqa.selenium.By$ByXPath.findElement(By.java:353)
	at org.openqa.selenium.remote.RemoteWebDriver.findElement(RemoteWebDriver.java:315)
	at io.appium.java_client.DefaultGenericMobileDriver.findElement(DefaultGenericMobileDriver.java:58)
	at io.appium.java_client.AppiumDriver.findElement(AppiumDriver.java:1)
	at keanu.Library.AppLibrary.findElementForMobile(AppLibrary.java:285)
	at keanu.PageObject.ChatScreen.verifyChatRoom(ChatScreen.java:325)
	at keanu.Tests.AppHeaderArchiveUnarchiveTest.createChatRoom(AppHeaderArchiveUnarchiveTest.java:83)
	at java.base/jdk.internal.reflect.NativeMethodAccessorImpl.invoke0(Native Method)
	at java.base/jdk.internal.reflect.NativeMethodAccessorImpl.invoke(NativeMethodAccessorImpl.java:62)
	at java.base/jdk.internal.reflect.DelegatingMethodAccessorImpl.invoke(DelegatingMethodAccessorImpl.java:43)
	at java.base/java.lang.reflect.Method.invoke(Method.java:564)
	at org.testng.internal.MethodInvocationHelper.invokeMethod(MethodInvocationHelper.java:80)
	at org.testng.internal.Invoker.invokeMethod(Invoker.java:714)
	at org.testng.internal.Invoker.invokeTestMethod(Invoker.java:901)
	at org.testng.internal.Invoker.invokeTestMethods(Invoker.java:1231)
	at org.testng.internal.TestMethodWorker.invokeTestMethods(TestMethodWorker.java:127)
	at org.testng.internal.TestMethodWorker.run(TestMethodWorker.java:111)
	at org.testng.TestRunner.privateRun(TestRunner.java:767)
	at org.testng.TestRunner.run(TestRunner.java:617)
	at org.testng.SuiteRunner.runTest(SuiteRunner.java:334)
	at org.testng.SuiteRunner.runSequentially(SuiteRunner.java:329)
	at org.testng.SuiteRunner.privateRun(SuiteRunner.java:291)
	at org.testng.SuiteRunner.run(SuiteRunner.java:240)
	at org.testng.SuiteRunnerWorker.runSuite(SuiteRunnerWorker.java:52)
	at org.testng.SuiteRunnerWorker.run(SuiteRunnerWorker.java:86)
	at org.testng.TestNG.runSuitesSequentially(TestNG.java:1198)
	at org.testng.TestNG.runSuitesLocally(TestNG.java:1123)
	at org.testng.TestNG.run(TestNG.java:1031)
	at org.testng.remote.AbstractRemoteTestNG.run(AbstractRemoteTestNG.java:115)
	at org.testng.remote.RemoteTestNG.initAndRun(RemoteTestNG.java:251)
	at org.testng.remote.RemoteTestNG.main(RemoteTestNG.java:77)
]]>
            </full-stacktrace>
          </exception> <!-- org.openqa.selenium.NoSuchElementException -->
          <reporter-output>
            <line>
              <![CDATA[Finding element with logic: id:fab]]>
            </line>
            <line>
              <![CDATA[Finding element with logic: id:info.guardianproject.keanuapp:id/btnAddFriend]]>
            </line>
            <line>
              <![CDATA[Finding element with logic: id:email]]>
            </line>
            <line>
              <![CDATA[Finding element with logic: id:email]]>
            </line>
            <line>
              <![CDATA[Finding element with logic: id:info.guardianproject.keanuapp:id/btnAddFriend]]>
            </line>
            <line>
              <![CDATA[Finding element with logic: id:info.guardianproject.keanuapp:id/menu_group_info]]>
            </line>
            <line>
              <![CDATA[Finding element with logic: id:info.guardianproject.keanuapp:id/edit_group_subject]]>
            </line>
            <line>
              <![CDATA[Finding element with logic: class:android.widget.EditText]]>
            </line>
            <line>
              <![CDATA[Finding element with logic: class:android.widget.EditText]]>
            </line>
            <line>
              <![CDATA[Finding element with logic: xpath://android.widget.Button[@text='OK']]]>
            </line>
            <line>
              <![CDATA[Finding element with logic: id:menu_search]]>
            </line>
            <line>
              <![CDATA[Finding element with logic: xpath://android.widget.TextView[@text='New Test Chat Room1 268280']]]>
            </line>
            <line>
              <![CDATA[Finding element with logic: xpath://android.widget.TextView[contains(@text,'You have been invited')]]]>
            </line>
            <line>
              <![CDATA[Finding element with logic: xpath://android.widget.TextView[@text='New Test Chat Room1 268280']]]>
            </line>
          </reporter-output>
        </test-method> <!-- createChatRoom -->
        <test-method is-config="true" signature="checkAlerts(org.testng.ITestResult)[pri:0, instance:keanu.Tests.AppHeaderArchiveUnarchiveTest@2aece37d]" started-at="2020-08-06T12:55:04Z" name="checkAlerts" finished-at="2020-08-06T12:55:10Z" duration-ms="5848" status="PASS">
          <params>
            <param index="0">
              <value>
                <![CDATA[[TestResult name=createChatRoom status=FAILURE method=AppHeaderArchiveUnarchiveTest.createChatRoom()[pri:0, instance:keanu.Tests.AppHeaderArchiveUnarchiveTest@2aece37d] output=Finding element with logic: id:fab]]]>
              </value>
            </param>
          </params>
          <reporter-output>
            <line>
              <![CDATA[screenshot createChatRoom_android_5114048.png available at :screenshots/createChatRoom_android_5114048.png]]>
            </line>
            <line>
              <![CDATA[Failed fetching URL and screenshot due to error:Appium error: An unknown server-side error occurred while processing the command. Original error: Could not proxy. Proxy error: Could not proxy command to remote server. Original error: 404 - "" (WARNING: The server did not provide any stacktrace information)
Command duration or timeout: 0 milliseconds
Build info: version: '3.141.59', revision: 'e82be7d358', time: '2018-11-14T08:17:03'
System info: host: 'DESKTOP-V9K624K', ip: '192.168.43.117', os.name: 'Windows 10', os.arch: 'amd64', os.version: '10.0', java.version: '14'
Driver info: io.appium.java_client.AppiumDriver
Capabilities {64bit: false, acceptSslCert: false, acceptSslCerts: false, appActivity: info.guardianproject.keanua..., appPackage: info.guardianproject.keanuapp, automationName: UiAutomator2, browserstack.minOSVersion: 5.0, bundleID: info.guardianproject.keanuapp, bundleId: info.guardianproject.keanuapp, chromeOptions: {w3c: false}, detected_language: selenium/3.141.59 (java win..., device: google pixel 4 xl, deviceName: Android, deviceOrientation: portrait, enablePerformanceLogging: false, javascriptEnabled: true, mobile: {browser: mobile, version: Google Pixel 4 XL-10.0}, nativeWebScreenshot: true, newCommandTimeout: 0, new_bucketing: true, orientation: PORTRAIT, orig_os: android, osVersion: 10.0, os_version: 10.0, platform: ANDROID, platformName: ANDROID, realMobile: true, real_mobile: true, systemPort: 8204, udid: 9A311FFBA008P1, uiautomator2ServerLaunchTimeout: 60000, version: }
Session ID: 4505de187ebd94a228d9646c2103e9c6eb80f2af]]>
            </line>
            <line>
              <![CDATA[Session id for AppHeaderArchiveUnarchiveTest is 4505de187ebd94a228d9646c2103e9c6eb80f2af]]>
            </line>
            <line>
              <![CDATA[Session details for AppHeaderArchiveUnarchiveTest can be found at https://www.browserstack.com/automate/sessions/4505de187ebd94a228d9646c2103e9c6eb80f2af.json]]>
            </line>
          </reporter-output>
        </test-method> <!-- checkAlerts -->
        <test-method is-config="true" signature="handelErrorPopup()[pri:0, instance:keanu.Tests.AppHeaderArchiveUnarchiveTest@2aece37d]" started-at="2020-08-06T12:55:10Z" name="handelErrorPopup" finished-at="2020-08-06T12:55:10Z" duration-ms="1" status="PASS">
          <reporter-output>
          </reporter-output>
        </test-method> <!-- handelErrorPopup -->
        <test-method signature="archiveChatRoom()[pri:0, instance:keanu.Tests.AppHeaderArchiveUnarchiveTest@2aece37d]" started-at="2020-08-06T12:55:10Z" name="archiveChatRoom" finished-at="2020-08-06T12:55:44Z" duration-ms="33383" status="FAIL">
          <exception class="org.openqa.selenium.NoSuchElementException">
            <message>
              <![CDATA[An element could not be located on the page using the given search parameters. (WARNING: The server did not provide any stacktrace information)
Command duration or timeout: 0 milliseconds
For documentation on this error, please visit: https://www.seleniumhq.org/exceptions/no_such_element.html
Build info: version: '3.141.59', revision: 'e82be7d358', time: '2018-11-14T08:17:03'
System info: host: 'DESKTOP-V9K624K', ip: '192.168.43.117', os.name: 'Windows 10', os.arch: 'amd64', os.version: '10.0', java.version: '14'
Driver info: io.appium.java_client.AppiumDriver
Capabilities {64bit: false, acceptSslCert: false, acceptSslCerts: false, appActivity: info.guardianproject.keanua..., appPackage: info.guardianproject.keanuapp, automationName: UiAutomator2, browserstack.minOSVersion: 5.0, bundleID: info.guardianproject.keanuapp, bundleId: info.guardianproject.keanuapp, chromeOptions: {w3c: false}, detected_language: selenium/3.141.59 (java win..., device: google pixel 4 xl, deviceName: Android, deviceOrientation: portrait, enablePerformanceLogging: false, javascriptEnabled: true, mobile: {browser: mobile, version: Google Pixel 4 XL-10.0}, nativeWebScreenshot: true, newCommandTimeout: 0, new_bucketing: true, orientation: PORTRAIT, orig_os: android, osVersion: 10.0, os_version: 10.0, platform: ANDROID, platformName: ANDROID, realMobile: true, real_mobile: true, systemPort: 8204, udid: 9A311FFBA008P1, uiautomator2ServerLaunchTimeout: 60000, version: }
Session ID: 4505de187ebd94a228d9646c2103e9c6eb80f2af
*** Element info: {Using=id, value=statusText}]]>
            </message>
            <full-stacktrace>
              <![CDATA[org.openqa.selenium.NoSuchElementException: An element could not be located on the page using the given search parameters. (WARNING: The server did not provide any stacktrace information)
Command duration or timeout: 0 milliseconds
For documentation on this error, please visit: https://www.seleniumhq.org/exceptions/no_such_element.html
Build info: version: '3.141.59', revision: 'e82be7d358', time: '2018-11-14T08:17:03'
System info: host: 'DESKTOP-V9K624K', ip: '192.168.43.117', os.name: 'Windows 10', os.arch: 'amd64', os.version: '10.0', java.version: '14'
Driver info: io.appium.java_client.AppiumDriver
Capabilities {64bit: false, acceptSslCert: false, acceptSslCerts: false, appActivity: info.guardianproject.keanua..., appPackage: info.guardianproject.keanuapp, automationName: UiAutomator2, browserstack.minOSVersion: 5.0, bundleID: info.guardianproject.keanuapp, bundleId: info.guardianproject.keanuapp, chromeOptions: {w3c: false}, detected_language: selenium/3.141.59 (java win..., device: google pixel 4 xl, deviceName: Android, deviceOrientation: portrait, enablePerformanceLogging: false, javascriptEnabled: true, mobile: {browser: mobile, version: Google Pixel 4 XL-10.0}, nativeWebScreenshot: true, newCommandTimeout: 0, new_bucketing: true, orientation: PORTRAIT, orig_os: android, osVersion: 10.0, os_version: 10.0, platform: ANDROID, platformName: ANDROID, realMobile: true, real_mobile: true, systemPort: 8204, udid: 9A311FFBA008P1, uiautomator2ServerLaunchTimeout: 60000, version: }
Session ID: 4505de187ebd94a228d9646c2103e9c6eb80f2af
*** Element info: {Using=id, value=statusText}
	at java.base/jdk.internal.reflect.NativeConstructorAccessorImpl.newInstance0(Native Method)
	at java.base/jdk.internal.reflect.NativeConstructorAccessorImpl.newInstance(NativeConstructorAccessorImpl.java:62)
	at java.base/jdk.internal.reflect.DelegatingConstructorAccessorImpl.newInstance(DelegatingConstructorAccessorImpl.java:45)
	at java.base/java.lang.reflect.Constructor.newInstanceWithCaller(Constructor.java:500)
	at java.base/java.lang.reflect.Constructor.newInstance(Constructor.java:481)
	at org.openqa.selenium.remote.ErrorHandler.createThrowable(ErrorHandler.java:214)
	at org.openqa.selenium.remote.ErrorHandler.throwIfResponseFailed(ErrorHandler.java:166)
	at org.openqa.selenium.remote.http.JsonHttpResponseCodec.reconstructValue(JsonHttpResponseCodec.java:40)
	at org.openqa.selenium.remote.http.AbstractHttpResponseCodec.decode(AbstractHttpResponseCodec.java:80)
	at org.openqa.selenium.remote.http.AbstractHttpResponseCodec.decode(AbstractHttpResponseCodec.java:44)
	at org.openqa.selenium.remote.HttpCommandExecutor.execute(HttpCommandExecutor.java:158)
	at io.appium.java_client.remote.AppiumCommandExecutor.execute(AppiumCommandExecutor.java:239)
	at org.openqa.selenium.remote.RemoteWebDriver.execute(RemoteWebDriver.java:552)
	at io.appium.java_client.DefaultGenericMobileDriver.execute(DefaultGenericMobileDriver.java:42)
	at io.appium.java_client.AppiumDriver.execute(AppiumDriver.java:1)
	at org.openqa.selenium.remote.RemoteWebDriver.findElement(RemoteWebDriver.java:323)
	at io.appium.java_client.DefaultGenericMobileDriver.findElement(DefaultGenericMobileDriver.java:62)
	at io.appium.java_client.AppiumDriver.findElement(AppiumDriver.java:1)
	at org.openqa.selenium.remote.RemoteWebDriver.findElementById(RemoteWebDriver.java:372)
	at io.appium.java_client.DefaultGenericMobileDriver.findElementById(DefaultGenericMobileDriver.java:70)
	at io.appium.java_client.AppiumDriver.findElementById(AppiumDriver.java:1)
	at org.openqa.selenium.By$ById.findElement(By.java:188)
	at org.openqa.selenium.remote.RemoteWebDriver.findElement(RemoteWebDriver.java:315)
	at io.appium.java_client.DefaultGenericMobileDriver.findElement(DefaultGenericMobileDriver.java:58)
	at io.appium.java_client.AppiumDriver.findElement(AppiumDriver.java:1)
	at keanu.Library.AppLibrary.findElementForMobile(AppLibrary.java:285)
	at keanu.Library.AppLibrary.horizontalSwipe(AppLibrary.java:456)
	at keanu.PageObject.ChatScreen.archiveChatRooom(ChatScreen.java:321)
	at keanu.Tests.AppHeaderArchiveUnarchiveTest.archiveChatRoom(AppHeaderArchiveUnarchiveTest.java:95)
	at java.base/jdk.internal.reflect.NativeMethodAccessorImpl.invoke0(Native Method)
	at java.base/jdk.internal.reflect.NativeMethodAccessorImpl.invoke(NativeMethodAccessorImpl.java:62)
	at java.base/jdk.internal.reflect.DelegatingMethodAccessorImpl.invoke(DelegatingMethodAccessorImpl.java:43)
	at java.base/java.lang.reflect.Method.invoke(Method.java:564)
	at org.testng.internal.MethodInvocationHelper.invokeMethod(MethodInvocationHelper.java:80)
	at org.testng.internal.Invoker.invokeMethod(Invoker.java:714)
	at org.testng.internal.Invoker.invokeTestMethod(Invoker.java:901)
	at org.testng.internal.Invoker.invokeTestMethods(Invoker.java:1231)
	at org.testng.internal.TestMethodWorker.invokeTestMethods(TestMethodWorker.java:127)
	at org.testng.internal.TestMethodWorker.run(TestMethodWorker.java:111)
	at org.testng.TestRunner.privateRun(TestRunner.java:767)
	at org.testng.TestRunner.run(TestRunner.java:617)
	at org.testng.SuiteRunner.runTest(SuiteRunner.java:334)
	at org.testng.SuiteRunner.runSequentially(SuiteRunner.java:329)
	at org.testng.SuiteRunner.privateRun(SuiteRunner.java:291)
	at org.testng.SuiteRunner.run(SuiteRunner.java:240)
	at org.testng.SuiteRunnerWorker.runSuite(SuiteRunnerWorker.java:52)
	at org.testng.SuiteRunnerWorker.run(SuiteRunnerWorker.java:86)
	at org.testng.TestNG.runSuitesSequentially(TestNG.java:1198)
	at org.testng.TestNG.runSuitesLocally(TestNG.java:1123)
	at org.testng.TestNG.run(TestNG.java:1031)
	at org.testng.remote.AbstractRemoteTestNG.run(AbstractRemoteTestNG.java:115)
	at org.testng.remote.RemoteTestNG.initAndRun(RemoteTestNG.java:251)
	at org.testng.remote.RemoteTestNG.main(RemoteTestNG.java:77)
]]>
            </full-stacktrace>
          </exception> <!-- org.openqa.selenium.NoSuchElementException -->
          <reporter-output>
            <line>
              <![CDATA[Finding element with logic: id:info.guardianproject.keanuapp:id/menu_sort]]>
            </line>
            <line>
              <![CDATA[Finding element with logic: xpath://android.widget.TextView[@text='Active']]]>
            </line>
            <line>
              <![CDATA[Finding element with logic: id:info.guardianproject.keanuapp:id/menu_sort]]>
            </line>
            <line>
              <![CDATA[Finding element with logic: xpath://android.widget.TextView[@text='Active']]]>
            </line>
            <line>
              <![CDATA[Finding element with logic: xpath://android.widget.LinearLayout//android.widget.TextView[@text='New Test Chat Room1 268280']]]>
            </line>
            <line>
              <![CDATA[Finding element with logic: id:info.guardianproject.keanuapp:id/composeMessage]]>
            </line>
            <line>
              <![CDATA[Finding element with logic: id:info.guardianproject.keanuapp:id/composeMessage]]>
            </line>
            <line>
              <![CDATA[Finding element with logic: id:info.guardianproject.keanuapp:id/btnSend]]>
            </line>
            <line>
              <![CDATA[Finding element with logic: xpath://android.widget.TextView[@text='New Test Chat Room1 268280']]]>
            </line>
            <line>
              <![CDATA[Finding element with logic: id:statusText]]>
            </line>
          </reporter-output>
        </test-method> <!-- archiveChatRoom -->
        <test-method is-config="true" signature="checkAlerts(org.testng.ITestResult)[pri:0, instance:keanu.Tests.AppHeaderArchiveUnarchiveTest@2aece37d]" started-at="2020-08-06T12:55:44Z" name="checkAlerts" finished-at="2020-08-06T12:55:47Z" duration-ms="3296" status="PASS">
          <params>
            <param index="0">
              <value>
                <![CDATA[[TestResult name=archiveChatRoom status=FAILURE method=AppHeaderArchiveUnarchiveTest.archiveChatRoom()[pri:0, instance:keanu.Tests.AppHeaderArchiveUnarchiveTest@2aece37d] output=Finding element with logic: id:info.guardianproject.keanuapp:id/menu_sort]]]>
              </value>
            </param>
          </params>
          <reporter-output>
            <line>
              <![CDATA[screenshot archiveChatRoom_android_6617172.png available at :screenshots/archiveChatRoom_android_6617172.png]]>
            </line>
            <line>
              <![CDATA[Failed fetching URL and screenshot due to error:Appium error: An unknown server-side error occurred while processing the command. Original error: Could not proxy. Proxy error: Could not proxy command to remote server. Original error: 404 - "" (WARNING: The server did not provide any stacktrace information)
Command duration or timeout: 0 milliseconds
Build info: version: '3.141.59', revision: 'e82be7d358', time: '2018-11-14T08:17:03'
System info: host: 'DESKTOP-V9K624K', ip: '192.168.43.117', os.name: 'Windows 10', os.arch: 'amd64', os.version: '10.0', java.version: '14'
Driver info: io.appium.java_client.AppiumDriver
Capabilities {64bit: false, acceptSslCert: false, acceptSslCerts: false, appActivity: info.guardianproject.keanua..., appPackage: info.guardianproject.keanuapp, automationName: UiAutomator2, browserstack.minOSVersion: 5.0, bundleID: info.guardianproject.keanuapp, bundleId: info.guardianproject.keanuapp, chromeOptions: {w3c: false}, detected_language: selenium/3.141.59 (java win..., device: google pixel 4 xl, deviceName: Android, deviceOrientation: portrait, enablePerformanceLogging: false, javascriptEnabled: true, mobile: {browser: mobile, version: Google Pixel 4 XL-10.0}, nativeWebScreenshot: true, newCommandTimeout: 0, new_bucketing: true, orientation: PORTRAIT, orig_os: android, osVersion: 10.0, os_version: 10.0, platform: ANDROID, platformName: ANDROID, realMobile: true, real_mobile: true, systemPort: 8204, udid: 9A311FFBA008P1, uiautomator2ServerLaunchTimeout: 60000, version: }
Session ID: 4505de187ebd94a228d9646c2103e9c6eb80f2af]]>
            </line>
            <line>
              <![CDATA[Session id for AppHeaderArchiveUnarchiveTest is 4505de187ebd94a228d9646c2103e9c6eb80f2af]]>
            </line>
            <line>
              <![CDATA[Session details for AppHeaderArchiveUnarchiveTest can be found at https://www.browserstack.com/automate/sessions/4505de187ebd94a228d9646c2103e9c6eb80f2af.json]]>
            </line>
          </reporter-output>
        </test-method> <!-- checkAlerts -->
        <test-method is-config="true" signature="handelErrorPopup()[pri:0, instance:keanu.Tests.AppHeaderArchiveUnarchiveTest@2aece37d]" started-at="2020-08-06T12:55:47Z" name="handelErrorPopup" finished-at="2020-08-06T12:55:47Z" duration-ms="1" status="PASS">
          <reporter-output>
          </reporter-output>
        </test-method> <!-- handelErrorPopup -->
        <test-method is-config="true" signature="quitSession()[pri:0, instance:keanu.Tests.AppHeaderArchiveUnarchiveTest@2aece37d]" started-at="2020-08-06T12:55:47Z" name="quitSession" finished-at="2020-08-06T12:55:47Z" duration-ms="512" status="PASS">
          <reporter-output>
            <line>
              <![CDATA[Closing the Browser Successfully]]>
            </line>
          </reporter-output>
        </test-method> <!-- quitSession -->
      </class> <!-- keanu.Tests.AppHeaderArchiveUnarchiveTest -->
    </test> <!-- Default test -->
  </suite> <!-- Default suite -->
</testng-results>
